{"/Users/minjaelee/Desktop/Projects/MoinTest/App.tsx": {"path":"/Users/minjaelee/Desktop/Projects/MoinTest/App.tsx","statementMap":{"0":{"start":{"line":8,"column":14},"end":{"line":8,"column":36}},"1":{"start":{"line":15,"column":22},"end":{"line":24,"column":1}},"2":{"start":{"line":16,"column":4},"end":{"line":23,"column":6}}},"fnMap":{"0":{"name":"(anonymous_0)","decl":{"start":{"line":15,"column":22},"end":{"line":15,"column":23}},"loc":{"start":{"line":15,"column":28},"end":{"line":24,"column":1}},"line":15}},"branchMap":{},"s":{"0":2,"1":2,"2":0},"f":{"0":0},"b":{},"_coverageSchema":"1a1c01bbd47fc00a2c39e90264f33305004495a9","hash":"deac428532d73f6881ccf3efdecad3eae8c7f6eb"}
,"/Users/minjaelee/Desktop/Projects/MoinTest/src/components/Toast.tsx": {"path":"/Users/minjaelee/Desktop/Projects/MoinTest/src/components/Toast.tsx","statementMap":{"0":{"start":{"line":12,"column":32},"end":{"line":24,"column":1}},"1":{"start":{"line":13,"column":20},"end":{"line":13,"column":30}},"2":{"start":{"line":15,"column":4},"end":{"line":23,"column":6}},"3":{"start":{"line":19,"column":27},"end":{"line":19,"column":103}},"4":{"start":{"line":26,"column":15},"end":{"line":50,"column":2}}},"fnMap":{"0":{"name":"(anonymous_0)","decl":{"start":{"line":12,"column":32},"end":{"line":12,"column":33}},"loc":{"start":{"line":12,"column":38},"end":{"line":24,"column":1}},"line":12},"1":{"name":"(anonymous_1)","decl":{"start":{"line":19,"column":21},"end":{"line":19,"column":22}},"loc":{"start":{"line":19,"column":27},"end":{"line":19,"column":103}},"line":19}},"branchMap":{},"s":{"0":2,"1":0,"2":0,"3":0,"4":2},"f":{"0":0,"1":0},"b":{},"_coverageSchema":"1a1c01bbd47fc00a2c39e90264f33305004495a9","hash":"bee0417fd6a433c64d8d42365cd079a942fd512b"}
,"/Users/minjaelee/Desktop/Projects/MoinTest/src/screens/ConfirmScreen/ConfirmScreen.tsx": {"path":"/Users/minjaelee/Desktop/Projects/MoinTest/src/screens/ConfirmScreen/ConfirmScreen.tsx","statementMap":{"0":{"start":{"line":32,"column":40},"end":{"line":145,"column":1}},"1":{"start":{"line":33,"column":64},"end":{"line":33,"column":70}},"2":{"start":{"line":34,"column":29},"end":{"line":34,"column":39}},"3":{"start":{"line":36,"column":42},"end":{"line":36,"column":62}},"4":{"start":{"line":37,"column":44},"end":{"line":37,"column":69}},"5":{"start":{"line":39,"column":20},"end":{"line":43,"column":5}},"6":{"start":{"line":40,"column":24},"end":{"line":40,"column":38}},"7":{"start":{"line":41,"column":8},"end":{"line":41,"column":53}},"8":{"start":{"line":42,"column":8},"end":{"line":42,"column":23}},"9":{"start":{"line":45,"column":22},"end":{"line":45,"column":45}},"10":{"start":{"line":46,"column":17},"end":{"line":46,"column":41}},"11":{"start":{"line":47,"column":18},"end":{"line":47,"column":44}},"12":{"start":{"line":48,"column":16},"end":{"line":48,"column":36}},"13":{"start":{"line":49,"column":17},"end":{"line":49,"column":38}},"14":{"start":{"line":51,"column":8},"end":{"line":55,"column":42}},"15":{"start":{"line":56,"column":21},"end":{"line":56,"column":43}},"16":{"start":{"line":57,"column":26},"end":{"line":57,"column":54}},"17":{"start":{"line":58,"column":27},"end":{"line":58,"column":28}},"18":{"start":{"line":60,"column":21},"end":{"line":60,"column":104}},"19":{"start":{"line":60,"column":57},"end":{"line":60,"column":98}},"20":{"start":{"line":61,"column":20},"end":{"line":67,"column":5}},"21":{"start":{"line":62,"column":8},"end":{"line":62,"column":23}},"22":{"start":{"line":63,"column":8},"end":{"line":63,"column":35}},"23":{"start":{"line":64,"column":8},"end":{"line":66,"column":17}},"24":{"start":{"line":65,"column":12},"end":{"line":65,"column":24}},"25":{"start":{"line":69,"column":19},"end":{"line":72,"column":5}},"26":{"start":{"line":70,"column":8},"end":{"line":70,"column":18}},"27":{"start":{"line":71,"column":8},"end":{"line":71,"column":54}},"28":{"start":{"line":74,"column":4},"end":{"line":77,"column":11}},"29":{"start":{"line":75,"column":8},"end":{"line":75,"column":51}},"30":{"start":{"line":76,"column":8},"end":{"line":76,"column":56}},"31":{"start":{"line":79,"column":4},"end":{"line":82,"column":11}},"32":{"start":{"line":80,"column":8},"end":{"line":80,"column":70}},"33":{"start":{"line":80,"column":64},"end":{"line":80,"column":68}},"34":{"start":{"line":81,"column":8},"end":{"line":81,"column":86}},"35":{"start":{"line":81,"column":21},"end":{"line":81,"column":85}},"36":{"start":{"line":81,"column":80},"end":{"line":81,"column":84}},"37":{"start":{"line":84,"column":4},"end":{"line":144,"column":6}},"38":{"start":{"line":124,"column":24},"end":{"line":138,"column":31}},"39":{"start":{"line":126,"column":32},"end":{"line":136,"column":51}},"40":{"start":{"line":129,"column":51},"end":{"line":129,"column":71}},"41":{"start":{"line":142,"column":29},"end":{"line":142,"column":62}},"42":{"start":{"line":147,"column":15},"end":{"line":220,"column":2}}},"fnMap":{"0":{"name":"(anonymous_0)","decl":{"start":{"line":32,"column":40},"end":{"line":32,"column":41}},"loc":{"start":{"line":32,"column":80},"end":{"line":145,"column":1}},"line":32},"1":{"name":"(anonymous_1)","decl":{"start":{"line":39,"column":20},"end":{"line":39,"column":21}},"loc":{"start":{"line":39,"column":43},"end":{"line":43,"column":5}},"line":39},"2":{"name":"(anonymous_2)","decl":{"start":{"line":60,"column":30},"end":{"line":60,"column":31}},"loc":{"start":{"line":60,"column":57},"end":{"line":60,"column":98}},"line":60},"3":{"name":"(anonymous_3)","decl":{"start":{"line":61,"column":20},"end":{"line":61,"column":21}},"loc":{"start":{"line":61,"column":32},"end":{"line":67,"column":5}},"line":61},"4":{"name":"(anonymous_4)","decl":{"start":{"line":64,"column":19},"end":{"line":64,"column":20}},"loc":{"start":{"line":64,"column":25},"end":{"line":66,"column":9}},"line":64},"5":{"name":"(anonymous_5)","decl":{"start":{"line":69,"column":19},"end":{"line":69,"column":20}},"loc":{"start":{"line":69,"column":31},"end":{"line":72,"column":5}},"line":69},"6":{"name":"(anonymous_6)","decl":{"start":{"line":74,"column":14},"end":{"line":74,"column":15}},"loc":{"start":{"line":74,"column":20},"end":{"line":77,"column":5}},"line":74},"7":{"name":"(anonymous_7)","decl":{"start":{"line":79,"column":14},"end":{"line":79,"column":15}},"loc":{"start":{"line":79,"column":20},"end":{"line":82,"column":5}},"line":79},"8":{"name":"(anonymous_8)","decl":{"start":{"line":80,"column":58},"end":{"line":80,"column":59}},"loc":{"start":{"line":80,"column":64},"end":{"line":80,"column":68}},"line":80},"9":{"name":"(anonymous_9)","decl":{"start":{"line":81,"column":15},"end":{"line":81,"column":16}},"loc":{"start":{"line":81,"column":21},"end":{"line":81,"column":85}},"line":81},"10":{"name":"(anonymous_10)","decl":{"start":{"line":81,"column":74},"end":{"line":81,"column":75}},"loc":{"start":{"line":81,"column":80},"end":{"line":81,"column":84}},"line":81},"11":{"name":"(anonymous_11)","decl":{"start":{"line":123,"column":21},"end":{"line":123,"column":22}},"loc":{"start":{"line":124,"column":24},"end":{"line":138,"column":31}},"line":124},"12":{"name":"(anonymous_12)","decl":{"start":{"line":125,"column":53},"end":{"line":125,"column":54}},"loc":{"start":{"line":126,"column":32},"end":{"line":136,"column":51}},"line":126},"13":{"name":"(anonymous_13)","decl":{"start":{"line":129,"column":45},"end":{"line":129,"column":46}},"loc":{"start":{"line":129,"column":51},"end":{"line":129,"column":71}},"line":129},"14":{"name":"(anonymous_14)","decl":{"start":{"line":142,"column":23},"end":{"line":142,"column":24}},"loc":{"start":{"line":142,"column":29},"end":{"line":142,"column":62}},"line":142}},"branchMap":{"0":{"loc":{"start":{"line":32,"column":62},"end":{"line":32,"column":73}},"type":"default-arg","locations":[{"start":{"line":32,"column":71},"end":{"line":32,"column":73}}],"line":32},"1":{"loc":{"start":{"line":33,"column":25},"end":{"line":33,"column":45}},"type":"default-arg","locations":[{"start":{"line":33,"column":41},"end":{"line":33,"column":45}}],"line":33},"2":{"loc":{"start":{"line":33,"column":47},"end":{"line":33,"column":60}},"type":"default-arg","locations":[{"start":{"line":33,"column":59},"end":{"line":33,"column":60}}],"line":33},"3":{"loc":{"start":{"line":51,"column":8},"end":{"line":55,"column":42}},"type":"cond-expr","locations":[{"start":{"line":52,"column":14},"end":{"line":52,"column":18}},{"start":{"line":53,"column":14},"end":{"line":55,"column":42}}],"line":51},"4":{"loc":{"start":{"line":53,"column":14},"end":{"line":55,"column":42}},"type":"cond-expr","locations":[{"start":{"line":54,"column":14},"end":{"line":54,"column":48}},{"start":{"line":55,"column":14},"end":{"line":55,"column":42}}],"line":53},"5":{"loc":{"start":{"line":75,"column":8},"end":{"line":75,"column":50}},"type":"binary-expr","locations":[{"start":{"line":75,"column":8},"end":{"line":75,"column":20}},{"start":{"line":75,"column":24},"end":{"line":75,"column":50}}],"line":75},"6":{"loc":{"start":{"line":76,"column":8},"end":{"line":76,"column":55}},"type":"binary-expr","locations":[{"start":{"line":76,"column":8},"end":{"line":76,"column":21}},{"start":{"line":76,"column":25},"end":{"line":76,"column":55}}],"line":76},"7":{"loc":{"start":{"line":91,"column":60},"end":{"line":91,"column":83}},"type":"cond-expr","locations":[{"start":{"line":91,"column":72},"end":{"line":91,"column":76}},{"start":{"line":91,"column":79},"end":{"line":91,"column":83}}],"line":91},"8":{"loc":{"start":{"line":142,"column":29},"end":{"line":142,"column":62}},"type":"binary-expr","locations":[{"start":{"line":142,"column":29},"end":{"line":142,"column":49}},{"start":{"line":142,"column":53},"end":{"line":142,"column":62}}],"line":142}},"s":{"0":2,"1":1,"2":1,"3":1,"4":1,"5":1,"6":1,"7":1,"8":1,"9":1,"10":1,"11":1,"12":1,"13":1,"14":1,"15":1,"16":1,"17":1,"18":1,"19":0,"20":1,"21":0,"22":0,"23":0,"24":0,"25":1,"26":0,"27":0,"28":1,"29":0,"30":0,"31":1,"32":0,"33":0,"34":0,"35":0,"36":0,"37":1,"38":1,"39":0,"40":0,"41":1,"42":2},"f":{"0":1,"1":1,"2":0,"3":0,"4":0,"5":0,"6":0,"7":0,"8":0,"9":0,"10":0,"11":1,"12":0,"13":0,"14":1},"b":{"0":[0],"1":[0],"2":[0],"3":[1,0],"4":[0,0],"5":[0,0],"6":[0,0],"7":[0,1],"8":[1,0]},"_coverageSchema":"1a1c01bbd47fc00a2c39e90264f33305004495a9","hash":"67d21b69df7e8e093d43ef52a004fd5e1764d1dd"}
,"/Users/minjaelee/Desktop/Projects/MoinTest/src/screens/ConfirmScreen/index.ts": {"path":"/Users/minjaelee/Desktop/Projects/MoinTest/src/screens/ConfirmScreen/index.ts","statementMap":{},"fnMap":{},"branchMap":{},"s":{},"f":{},"b":{},"_coverageSchema":"1a1c01bbd47fc00a2c39e90264f33305004495a9","hash":"60214972f740a18775aa1ff458b347eb5565d396"}
,"/Users/minjaelee/Desktop/Projects/MoinTest/src/screens/MainScreen/MainScreen.tsx": {"path":"/Users/minjaelee/Desktop/Projects/MoinTest/src/screens/MainScreen/MainScreen.tsx","statementMap":{"0":{"start":{"line":30,"column":37},"end":{"line":222,"column":1}},"1":{"start":{"line":31,"column":30},"end":{"line":31,"column":42}},"2":{"start":{"line":32,"column":35},"end":{"line":32,"column":47}},"3":{"start":{"line":33,"column":29},"end":{"line":33,"column":39}},"4":{"start":{"line":35,"column":24},"end":{"line":35,"column":100}},"5":{"start":{"line":37,"column":44},"end":{"line":37,"column":69}},"6":{"start":{"line":38,"column":50},"end":{"line":38,"column":89}},"7":{"start":{"line":40,"column":36},"end":{"line":40,"column":60}},"8":{"start":{"line":41,"column":36},"end":{"line":41,"column":58}},"9":{"start":{"line":42,"column":48},"end":{"line":42,"column":72}},"10":{"start":{"line":43,"column":38},"end":{"line":43,"column":74}},"11":{"start":{"line":44,"column":48},"end":{"line":44,"column":84}},"12":{"start":{"line":46,"column":56},"end":{"line":46,"column":80}},"13":{"start":{"line":47,"column":54},"end":{"line":47,"column":78}},"14":{"start":{"line":49,"column":28},"end":{"line":79,"column":5}},"15":{"start":{"line":50,"column":23},"end":{"line":50,"column":66}},"16":{"start":{"line":51,"column":8},"end":{"line":51,"column":41}},"17":{"start":{"line":53,"column":28},"end":{"line":53,"column":68}},"18":{"start":{"line":55,"column":8},"end":{"line":66,"column":9}},"19":{"start":{"line":56,"column":12},"end":{"line":65,"column":13}},"20":{"start":{"line":57,"column":16},"end":{"line":57,"column":34}},"21":{"start":{"line":58,"column":16},"end":{"line":58,"column":40}},"22":{"start":{"line":59,"column":16},"end":{"line":59,"column":76}},"23":{"start":{"line":61,"column":16},"end":{"line":61,"column":35}},"24":{"start":{"line":62,"column":16},"end":{"line":62,"column":34}},"25":{"start":{"line":63,"column":16},"end":{"line":63,"column":41}},"26":{"start":{"line":64,"column":16},"end":{"line":64,"column":83}},"27":{"start":{"line":67,"column":8},"end":{"line":78,"column":9}},"28":{"start":{"line":68,"column":12},"end":{"line":77,"column":13}},"29":{"start":{"line":69,"column":16},"end":{"line":69,"column":34}},"30":{"start":{"line":70,"column":16},"end":{"line":70,"column":40}},"31":{"start":{"line":71,"column":16},"end":{"line":71,"column":66}},"32":{"start":{"line":73,"column":16},"end":{"line":73,"column":35}},"33":{"start":{"line":74,"column":16},"end":{"line":74,"column":34}},"34":{"start":{"line":75,"column":16},"end":{"line":75,"column":41}},"35":{"start":{"line":76,"column":16},"end":{"line":76,"column":81}},"36":{"start":{"line":81,"column":30},"end":{"line":89,"column":5}},"37":{"start":{"line":82,"column":8},"end":{"line":88,"column":9}},"38":{"start":{"line":83,"column":12},"end":{"line":83,"column":43}},"39":{"start":{"line":84,"column":12},"end":{"line":84,"column":30}},"40":{"start":{"line":85,"column":12},"end":{"line":85,"column":36}},"41":{"start":{"line":87,"column":12},"end":{"line":87,"column":54}},"42":{"start":{"line":91,"column":35},"end":{"line":104,"column":5}},"43":{"start":{"line":92,"column":28},"end":{"line":92,"column":80}},"44":{"start":{"line":93,"column":8},"end":{"line":103,"column":9}},"45":{"start":{"line":94,"column":12},"end":{"line":94,"column":40}},"46":{"start":{"line":95,"column":12},"end":{"line":95,"column":30}},"47":{"start":{"line":96,"column":12},"end":{"line":96,"column":36}},"48":{"start":{"line":97,"column":15},"end":{"line":103,"column":9}},"49":{"start":{"line":98,"column":12},"end":{"line":98,"column":43}},"50":{"start":{"line":99,"column":12},"end":{"line":99,"column":30}},"51":{"start":{"line":100,"column":12},"end":{"line":100,"column":36}},"52":{"start":{"line":102,"column":12},"end":{"line":102,"column":59}},"53":{"start":{"line":105,"column":34},"end":{"line":105,"column":74}},"54":{"start":{"line":105,"column":46},"end":{"line":105,"column":74}},"55":{"start":{"line":106,"column":33},"end":{"line":106,"column":72}},"56":{"start":{"line":106,"column":45},"end":{"line":106,"column":72}},"57":{"start":{"line":107,"column":24},"end":{"line":118,"column":5}},"58":{"start":{"line":108,"column":8},"end":{"line":108,"column":89}},"59":{"start":{"line":109,"column":8},"end":{"line":109,"column":23}},"60":{"start":{"line":110,"column":8},"end":{"line":110,"column":41}},"61":{"start":{"line":111,"column":8},"end":{"line":117,"column":10}},"62":{"start":{"line":113,"column":16},"end":{"line":113,"column":80}},"63":{"start":{"line":114,"column":16},"end":{"line":114,"column":28}},"64":{"start":{"line":120,"column":28},"end":{"line":123,"column":5}},"65":{"start":{"line":121,"column":8},"end":{"line":121,"column":37}},"66":{"start":{"line":122,"column":8},"end":{"line":122,"column":37}},"67":{"start":{"line":125,"column":4},"end":{"line":131,"column":7}},"68":{"start":{"line":126,"column":8},"end":{"line":126,"column":26}},"69":{"start":{"line":133,"column":4},"end":{"line":221,"column":6}},"70":{"start":{"line":140,"column":39},"end":{"line":140,"column":66}},"71":{"start":{"line":171,"column":39},"end":{"line":171,"column":66}},"72":{"start":{"line":219,"column":29},"end":{"line":219,"column":62}},"73":{"start":{"line":224,"column":15},"end":{"line":244,"column":2}}},"fnMap":{"0":{"name":"(anonymous_0)","decl":{"start":{"line":30,"column":37},"end":{"line":30,"column":38}},"loc":{"start":{"line":30,"column":55},"end":{"line":222,"column":1}},"line":30},"1":{"name":"(anonymous_1)","decl":{"start":{"line":49,"column":28},"end":{"line":49,"column":29}},"loc":{"start":{"line":49,"column":55},"end":{"line":79,"column":5}},"line":49},"2":{"name":"(anonymous_2)","decl":{"start":{"line":81,"column":30},"end":{"line":81,"column":31}},"loc":{"start":{"line":81,"column":46},"end":{"line":89,"column":5}},"line":81},"3":{"name":"(anonymous_3)","decl":{"start":{"line":91,"column":35},"end":{"line":91,"column":36}},"loc":{"start":{"line":91,"column":51},"end":{"line":104,"column":5}},"line":91},"4":{"name":"(anonymous_4)","decl":{"start":{"line":105,"column":34},"end":{"line":105,"column":35}},"loc":{"start":{"line":105,"column":46},"end":{"line":105,"column":74}},"line":105},"5":{"name":"(anonymous_5)","decl":{"start":{"line":106,"column":33},"end":{"line":106,"column":34}},"loc":{"start":{"line":106,"column":45},"end":{"line":106,"column":72}},"line":106},"6":{"name":"(anonymous_6)","decl":{"start":{"line":107,"column":24},"end":{"line":107,"column":25}},"loc":{"start":{"line":107,"column":36},"end":{"line":118,"column":5}},"line":107},"7":{"name":"(anonymous_7)","decl":{"start":{"line":112,"column":21},"end":{"line":112,"column":22}},"loc":{"start":{"line":112,"column":27},"end":{"line":115,"column":13}},"line":112},"8":{"name":"(anonymous_8)","decl":{"start":{"line":120,"column":28},"end":{"line":120,"column":29}},"loc":{"start":{"line":120,"column":66},"end":{"line":123,"column":5}},"line":120},"9":{"name":"(anonymous_9)","decl":{"start":{"line":125,"column":14},"end":{"line":125,"column":15}},"loc":{"start":{"line":125,"column":20},"end":{"line":127,"column":5}},"line":125},"10":{"name":"(anonymous_10)","decl":{"start":{"line":140,"column":33},"end":{"line":140,"column":34}},"loc":{"start":{"line":140,"column":39},"end":{"line":140,"column":66}},"line":140},"11":{"name":"(anonymous_11)","decl":{"start":{"line":171,"column":33},"end":{"line":171,"column":34}},"loc":{"start":{"line":171,"column":39},"end":{"line":171,"column":66}},"line":171},"12":{"name":"(anonymous_12)","decl":{"start":{"line":219,"column":23},"end":{"line":219,"column":24}},"loc":{"start":{"line":219,"column":29},"end":{"line":219,"column":62}},"line":219}},"branchMap":{"0":{"loc":{"start":{"line":51,"column":24},"end":{"line":51,"column":39}},"type":"binary-expr","locations":[{"start":{"line":51,"column":24},"end":{"line":51,"column":31}},{"start":{"line":51,"column":35},"end":{"line":51,"column":39}}],"line":51},"1":{"loc":{"start":{"line":55,"column":8},"end":{"line":66,"column":9}},"type":"if","locations":[{"start":{"line":55,"column":8},"end":{"line":66,"column":9}},{"start":{},"end":{}}],"line":55},"2":{"loc":{"start":{"line":56,"column":12},"end":{"line":65,"column":13}},"type":"if","locations":[{"start":{"line":56,"column":12},"end":{"line":65,"column":13}},{"start":{"line":60,"column":19},"end":{"line":65,"column":13}}],"line":56},"3":{"loc":{"start":{"line":67,"column":8},"end":{"line":78,"column":9}},"type":"if","locations":[{"start":{"line":67,"column":8},"end":{"line":78,"column":9}},{"start":{},"end":{}}],"line":67},"4":{"loc":{"start":{"line":68,"column":12},"end":{"line":77,"column":13}},"type":"if","locations":[{"start":{"line":68,"column":12},"end":{"line":77,"column":13}},{"start":{"line":72,"column":19},"end":{"line":77,"column":13}}],"line":68},"5":{"loc":{"start":{"line":82,"column":8},"end":{"line":88,"column":9}},"type":"if","locations":[{"start":{"line":82,"column":8},"end":{"line":88,"column":9}},{"start":{"line":86,"column":15},"end":{"line":88,"column":9}}],"line":82},"6":{"loc":{"start":{"line":93,"column":8},"end":{"line":103,"column":9}},"type":"if","locations":[{"start":{"line":93,"column":8},"end":{"line":103,"column":9}},{"start":{"line":97,"column":15},"end":{"line":103,"column":9}}],"line":93},"7":{"loc":{"start":{"line":97,"column":15},"end":{"line":103,"column":9}},"type":"if","locations":[{"start":{"line":97,"column":15},"end":{"line":103,"column":9}},{"start":{"line":101,"column":15},"end":{"line":103,"column":9}}],"line":97},"8":{"loc":{"start":{"line":129,"column":8},"end":{"line":129,"column":60}},"type":"binary-expr","locations":[{"start":{"line":129,"column":8},"end":{"line":129,"column":47}},{"start":{"line":129,"column":51},"end":{"line":129,"column":60}}],"line":129},"9":{"loc":{"start":{"line":130,"column":8},"end":{"line":130,"column":70}},"type":"binary-expr","locations":[{"start":{"line":130,"column":8},"end":{"line":130,"column":52}},{"start":{"line":130,"column":56},"end":{"line":130,"column":70}}],"line":130},"10":{"loc":{"start":{"line":165,"column":17},"end":{"line":167,"column":17}},"type":"binary-expr","locations":[{"start":{"line":165,"column":17},"end":{"line":165,"column":31}},{"start":{"line":165,"column":35},"end":{"line":165,"column":74}},{"start":{"line":166,"column":20},"end":{"line":166,"column":89}}],"line":165},"11":{"loc":{"start":{"line":194,"column":17},"end":{"line":196,"column":17}},"type":"binary-expr","locations":[{"start":{"line":194,"column":17},"end":{"line":194,"column":31}},{"start":{"line":194,"column":35},"end":{"line":194,"column":79}},{"start":{"line":195,"column":20},"end":{"line":195,"column":89}}],"line":194},"12":{"loc":{"start":{"line":206,"column":30},"end":{"line":206,"column":91}},"type":"binary-expr","locations":[{"start":{"line":206,"column":30},"end":{"line":206,"column":43}},{"start":{"line":206,"column":47},"end":{"line":206,"column":55}},{"start":{"line":206,"column":59},"end":{"line":206,"column":91}}],"line":206},"13":{"loc":{"start":{"line":211,"column":32},"end":{"line":213,"column":50}},"type":"cond-expr","locations":[{"start":{"line":212,"column":38},"end":{"line":212,"column":49}},{"start":{"line":213,"column":38},"end":{"line":213,"column":50}}],"line":211},"14":{"loc":{"start":{"line":211,"column":32},"end":{"line":211,"column":93}},"type":"binary-expr","locations":[{"start":{"line":211,"column":32},"end":{"line":211,"column":45}},{"start":{"line":211,"column":49},"end":{"line":211,"column":57}},{"start":{"line":211,"column":61},"end":{"line":211,"column":93}}],"line":211},"15":{"loc":{"start":{"line":219,"column":29},"end":{"line":219,"column":62}},"type":"binary-expr","locations":[{"start":{"line":219,"column":29},"end":{"line":219,"column":49}},{"start":{"line":219,"column":53},"end":{"line":219,"column":62}}],"line":219}},"s":{"0":2,"1":8,"2":8,"3":8,"4":8,"5":8,"6":8,"7":8,"8":8,"9":8,"10":8,"11":8,"12":8,"13":8,"14":8,"15":6,"16":0,"17":0,"18":0,"19":0,"20":0,"21":0,"22":0,"23":0,"24":0,"25":0,"26":0,"27":0,"28":0,"29":0,"30":0,"31":0,"32":0,"33":0,"34":0,"35":0,"36":8,"37":3,"38":1,"39":1,"40":1,"41":2,"42":8,"43":0,"44":0,"45":0,"46":0,"47":0,"48":0,"49":0,"50":0,"51":0,"52":0,"53":8,"54":0,"55":8,"56":0,"57":8,"58":0,"59":0,"60":0,"61":0,"62":0,"63":0,"64":8,"65":0,"66":0,"67":8,"68":6,"69":8,"70":0,"71":0,"72":8,"73":2},"f":{"0":8,"1":6,"2":3,"3":0,"4":0,"5":0,"6":0,"7":0,"8":0,"9":6,"10":0,"11":0,"12":8},"b":{"0":[0,0],"1":[0,0],"2":[0,0],"3":[0,0],"4":[0,0],"5":[1,2],"6":[0,0],"7":[0,0],"8":[8,0],"9":[8,0],"10":[8,1,0],"11":[8,1,0],"12":[8,0,0],"13":[8,0],"14":[8,0,0],"15":[8,0]},"_coverageSchema":"1a1c01bbd47fc00a2c39e90264f33305004495a9","hash":"30f488af42d2b5b284a020881661150b281ea42d"}
,"/Users/minjaelee/Desktop/Projects/MoinTest/src/screens/MainScreen/index.ts": {"path":"/Users/minjaelee/Desktop/Projects/MoinTest/src/screens/MainScreen/index.ts","statementMap":{},"fnMap":{},"branchMap":{},"s":{},"f":{},"b":{},"_coverageSchema":"1a1c01bbd47fc00a2c39e90264f33305004495a9","hash":"5f7e7702417aa8cd920ffae21f6a81ea4a09f3d8"}
,"/Users/minjaelee/Desktop/Projects/MoinTest/src/screens/MainScreen/components/CountryModal.tsx": {"path":"/Users/minjaelee/Desktop/Projects/MoinTest/src/screens/MainScreen/components/CountryModal.tsx","statementMap":{"0":{"start":{"line":16,"column":14},"end":{"line":16,"column":44}},"1":{"start":{"line":17,"column":15},"end":{"line":17,"column":46}},"2":{"start":{"line":18,"column":19},"end":{"line":18,"column":30}},"3":{"start":{"line":19,"column":20},"end":{"line":19,"column":32}},"4":{"start":{"line":20,"column":20},"end":{"line":20,"column":44}},"5":{"start":{"line":21,"column":21},"end":{"line":21,"column":47}},"6":{"start":{"line":22,"column":26},"end":{"line":22,"column":28}},"7":{"start":{"line":23,"column":18},"end":{"line":23,"column":20}},"8":{"start":{"line":25,"column":39},"end":{"line":120,"column":1}},"9":{"start":{"line":31,"column":32},"end":{"line":31,"column":52}},"10":{"start":{"line":33,"column":32},"end":{"line":36,"column":5}},"11":{"start":{"line":34,"column":8},"end":{"line":34,"column":22}},"12":{"start":{"line":35,"column":8},"end":{"line":35,"column":32}},"13":{"start":{"line":38,"column":32},"end":{"line":51,"column":5}},"14":{"start":{"line":40,"column":12},"end":{"line":48,"column":14}},"15":{"start":{"line":53,"column":23},"end":{"line":92,"column":5}},"16":{"start":{"line":55,"column":12},"end":{"line":89,"column":31}},"17":{"start":{"line":55,"column":45},"end":{"line":55,"column":66}},"18":{"start":{"line":94,"column":4},"end":{"line":119,"column":6}},"19":{"start":{"line":110,"column":24},"end":{"line":112,"column":85}},"20":{"start":{"line":116,"column":44},"end":{"line":116,"column":60}},"21":{"start":{"line":122,"column":15},"end":{"line":176,"column":2}}},"fnMap":{"0":{"name":"(anonymous_0)","decl":{"start":{"line":25,"column":39},"end":{"line":25,"column":40}},"loc":{"start":{"line":30,"column":6},"end":{"line":120,"column":1}},"line":30},"1":{"name":"(anonymous_1)","decl":{"start":{"line":33,"column":32},"end":{"line":33,"column":33}},"loc":{"start":{"line":33,"column":44},"end":{"line":36,"column":5}},"line":33},"2":{"name":"(anonymous_2)","decl":{"start":{"line":39,"column":8},"end":{"line":39,"column":9}},"loc":{"start":{"line":40,"column":12},"end":{"line":48,"column":14}},"line":40},"3":{"name":"(anonymous_3)","decl":{"start":{"line":54,"column":8},"end":{"line":54,"column":9}},"loc":{"start":{"line":55,"column":12},"end":{"line":89,"column":31}},"line":55},"4":{"name":"(anonymous_4)","decl":{"start":{"line":55,"column":39},"end":{"line":55,"column":40}},"loc":{"start":{"line":55,"column":45},"end":{"line":55,"column":66}},"line":55},"5":{"name":"(anonymous_5)","decl":{"start":{"line":109,"column":20},"end":{"line":109,"column":21}},"loc":{"start":{"line":110,"column":24},"end":{"line":112,"column":85}},"line":110},"6":{"name":"(anonymous_6)","decl":{"start":{"line":116,"column":30},"end":{"line":116,"column":31}},"loc":{"start":{"line":116,"column":44},"end":{"line":116,"column":60}},"line":116}},"branchMap":{"0":{"loc":{"start":{"line":88,"column":50},"end":{"line":88,"column":96}},"type":"cond-expr","locations":[{"start":{"line":88,"column":87},"end":{"line":88,"column":91}},{"start":{"line":88,"column":94},"end":{"line":88,"column":96}}],"line":88},"1":{"loc":{"start":{"line":110,"column":24},"end":{"line":112,"column":85}},"type":"binary-expr","locations":[{"start":{"line":110,"column":24},"end":{"line":110,"column":84}},{"start":{"line":111,"column":24},"end":{"line":111,"column":84}},{"start":{"line":112,"column":24},"end":{"line":112,"column":85}}],"line":110}},"s":{"0":3,"1":3,"2":3,"3":3,"4":3,"5":3,"6":3,"7":3,"8":3,"9":9,"10":9,"11":0,"12":0,"13":9,"14":7,"15":9,"16":90,"17":0,"18":9,"19":2169,"20":110,"21":3},"f":{"0":9,"1":0,"2":7,"3":90,"4":0,"5":2169,"6":110},"b":{"0":[0,90],"1":[2169,0,0]},"_coverageSchema":"1a1c01bbd47fc00a2c39e90264f33305004495a9","hash":"f493720aa9dc5d47856c1f196ab8ffaf384c99fb"}
,"/Users/minjaelee/Desktop/Projects/MoinTest/src/stores/history.ts": {"path":"/Users/minjaelee/Desktop/Projects/MoinTest/src/stores/history.ts","statementMap":{"0":{"start":{"line":12,"column":16},"end":{"line":20,"column":2}},"1":{"start":{"line":15,"column":8},"end":{"line":15,"column":33}},"2":{"start":{"line":18,"column":8},"end":{"line":18,"column":83}},"3":{"start":{"line":18,"column":52},"end":{"line":18,"column":81}}},"fnMap":{"0":{"name":"(anonymous_0)","decl":{"start":{"line":14,"column":4},"end":{"line":14,"column":5}},"loc":{"start":{"line":14,"column":20},"end":{"line":16,"column":5}},"line":14},"1":{"name":"(anonymous_1)","decl":{"start":{"line":17,"column":4},"end":{"line":17,"column":5}},"loc":{"start":{"line":17,"column":23},"end":{"line":19,"column":5}},"line":17},"2":{"name":"(anonymous_2)","decl":{"start":{"line":18,"column":47},"end":{"line":18,"column":48}},"loc":{"start":{"line":18,"column":52},"end":{"line":18,"column":81}},"line":18}},"branchMap":{},"s":{"0":2,"1":0,"2":0,"3":0},"f":{"0":0,"1":0,"2":0},"b":{},"_coverageSchema":"1a1c01bbd47fc00a2c39e90264f33305004495a9","hash":"0f804bdc4c5c007079a34c4260b65b8c1500107e"}
,"/Users/minjaelee/Desktop/Projects/MoinTest/src/stores/toast.ts": {"path":"/Users/minjaelee/Desktop/Projects/MoinTest/src/stores/toast.ts","statementMap":{"0":{"start":{"line":3,"column":14},"end":{"line":14,"column":2}},"1":{"start":{"line":7,"column":8},"end":{"line":7,"column":25}},"2":{"start":{"line":8,"column":8},"end":{"line":8,"column":35}},"3":{"start":{"line":11,"column":8},"end":{"line":11,"column":23}},"4":{"start":{"line":12,"column":8},"end":{"line":12,"column":36}}},"fnMap":{"0":{"name":"(anonymous_0)","decl":{"start":{"line":6,"column":4},"end":{"line":6,"column":5}},"loc":{"start":{"line":6,"column":21},"end":{"line":9,"column":5}},"line":6},"1":{"name":"(anonymous_1)","decl":{"start":{"line":10,"column":4},"end":{"line":10,"column":5}},"loc":{"start":{"line":10,"column":10},"end":{"line":13,"column":5}},"line":10}},"branchMap":{},"s":{"0":2,"1":0,"2":0,"3":0,"4":0},"f":{"0":0,"1":0},"b":{},"_coverageSchema":"1a1c01bbd47fc00a2c39e90264f33305004495a9","hash":"1a53b83a34c8c94d2ce2ad58d322a55638877656"}
,"/Users/minjaelee/Desktop/Projects/MoinTest/src/stores/useStore.ts": {"path":"/Users/minjaelee/Desktop/Projects/MoinTest/src/stores/useStore.ts","statementMap":{"0":{"start":{"line":4,"column":17},"end":{"line":6,"column":1}},"1":{"start":{"line":5,"column":4},"end":{"line":5,"column":28}}},"fnMap":{"0":{"name":"(anonymous_0)","decl":{"start":{"line":4,"column":17},"end":{"line":4,"column":18}},"loc":{"start":{"line":4,"column":23},"end":{"line":6,"column":1}},"line":4}},"branchMap":{},"s":{"0":2,"1":10},"f":{"0":10},"b":{},"_coverageSchema":"1a1c01bbd47fc00a2c39e90264f33305004495a9","hash":"cf7d58c6f08d05d22ddabb2762e9a5e66a04bc8e"}
,"/Users/minjaelee/Desktop/Projects/MoinTest/src/utils/api.ts": {"path":"/Users/minjaelee/Desktop/Projects/MoinTest/src/utils/api.ts","statementMap":{"0":{"start":{"line":43,"column":27},"end":{"line":57,"column":8}},"1":{"start":{"line":44,"column":20},"end":{"line":44,"column":30}},"2":{"start":{"line":45,"column":20},"end":{"line":48,"column":5}},"3":{"start":{"line":49,"column":20},"end":{"line":49,"column":88}},"4":{"start":{"line":50,"column":20},"end":{"line":50,"column":43}},"5":{"start":{"line":51,"column":19},"end":{"line":51,"column":48}},"6":{"start":{"line":52,"column":4},"end":{"line":56,"column":5}},"7":{"start":{"line":53,"column":8},"end":{"line":53,"column":22}},"8":{"start":{"line":55,"column":8},"end":{"line":55,"column":44}},"9":{"start":{"line":66,"column":26},"end":{"line":80,"column":1}},"10":{"start":{"line":67,"column":20},"end":{"line":67,"column":30}},"11":{"start":{"line":68,"column":20},"end":{"line":71,"column":5}},"12":{"start":{"line":72,"column":20},"end":{"line":72,"column":76}},"13":{"start":{"line":73,"column":20},"end":{"line":73,"column":32}},"14":{"start":{"line":74,"column":19},"end":{"line":74,"column":48}},"15":{"start":{"line":75,"column":4},"end":{"line":79,"column":5}},"16":{"start":{"line":76,"column":8},"end":{"line":76,"column":22}},"17":{"start":{"line":78,"column":8},"end":{"line":78,"column":44}}},"fnMap":{"0":{"name":"(anonymous_0)","decl":{"start":{"line":43,"column":36},"end":{"line":43,"column":37}},"loc":{"start":{"line":43,"column":98},"end":{"line":57,"column":1}},"line":43},"1":{"name":"(anonymous_1)","decl":{"start":{"line":66,"column":26},"end":{"line":66,"column":27}},"loc":{"start":{"line":66,"column":72},"end":{"line":80,"column":1}},"line":66}},"branchMap":{"0":{"loc":{"start":{"line":52,"column":4},"end":{"line":56,"column":5}},"type":"if","locations":[{"start":{"line":52,"column":4},"end":{"line":56,"column":5}},{"start":{"line":54,"column":11},"end":{"line":56,"column":5}}],"line":52},"1":{"loc":{"start":{"line":75,"column":4},"end":{"line":79,"column":5}},"type":"if","locations":[{"start":{"line":75,"column":4},"end":{"line":79,"column":5}},{"start":{"line":77,"column":11},"end":{"line":79,"column":5}}],"line":75}},"s":{"0":2,"1":1,"2":1,"3":1,"4":1,"5":1,"6":1,"7":1,"8":0,"9":2,"10":0,"11":0,"12":0,"13":0,"14":0,"15":0,"16":0,"17":0},"f":{"0":1,"1":0},"b":{"0":[1,0],"1":[0,0]},"_coverageSchema":"1a1c01bbd47fc00a2c39e90264f33305004495a9","hash":"1087fea9bba1e6eb47f662e1095993548a18321d"}
,"/Users/minjaelee/Desktop/Projects/MoinTest/src/utils/colors.ts": {"path":"/Users/minjaelee/Desktop/Projects/MoinTest/src/utils/colors.ts","statementMap":{"0":{"start":{"line":1,"column":22},"end":{"line":10,"column":1}}},"fnMap":{},"branchMap":{},"s":{"0":3},"f":{},"b":{},"_coverageSchema":"1a1c01bbd47fc00a2c39e90264f33305004495a9","hash":"d65731870dc4720d3ee2bf5daa294502fa3216ac"}
,"/Users/minjaelee/Desktop/Projects/MoinTest/src/utils/constants.ts": {"path":"/Users/minjaelee/Desktop/Projects/MoinTest/src/utils/constants.ts","statementMap":{"0":{"start":{"line":1,"column":20},"end":{"line":1,"column":26}},"1":{"start":{"line":2,"column":34},"end":{"line":2,"column":44}},"2":{"start":{"line":3,"column":34},"end":{"line":3,"column":37}},"3":{"start":{"line":4,"column":38},"end":{"line":4,"column":111}},"4":{"start":{"line":4,"column":66},"end":{"line":4,"column":111}},"5":{"start":{"line":5,"column":21},"end":{"line":5,"column":105}}},"fnMap":{"0":{"name":"(anonymous_0)","decl":{"start":{"line":4,"column":38},"end":{"line":4,"column":39}},"loc":{"start":{"line":4,"column":66},"end":{"line":4,"column":111}},"line":4}},"branchMap":{},"s":{"0":2,"1":2,"2":2,"3":2,"4":19,"5":2},"f":{"0":19},"b":{},"_coverageSchema":"1a1c01bbd47fc00a2c39e90264f33305004495a9","hash":"f89ec567fe05d7d6ff6fe03755017d2800aa51fc"}
,"/Users/minjaelee/Desktop/Projects/MoinTest/src/utils/countries.ts": {"path":"/Users/minjaelee/Desktop/Projects/MoinTest/src/utils/countries.ts","statementMap":{"0":{"start":{"line":1,"column":25},"end":{"line":273,"column":1}}},"fnMap":{},"branchMap":{},"s":{"0":3},"f":{},"b":{},"_coverageSchema":"1a1c01bbd47fc00a2c39e90264f33305004495a9","hash":"357e7cf33bbdb9f032427f528e80bda6425f04e4"}
,"/Users/minjaelee/Desktop/Projects/MoinTest/src/utils/fonts.tsx": {"path":"/Users/minjaelee/Desktop/Projects/MoinTest/src/utils/fonts.tsx","statementMap":{"0":{"start":{"line":3,"column":21},"end":{"line":13,"column":2}}},"fnMap":{},"branchMap":{},"s":{"0":3},"f":{},"b":{},"_coverageSchema":"1a1c01bbd47fc00a2c39e90264f33305004495a9","hash":"dd86b475eec26fec61a436cc93614a5e06fa8fd6"}
}
