TN:
SF:App.tsx
FN:15,(anonymous_0)
FNF:1
FNH:0
FNDA:0,(anonymous_0)
DA:8,2
DA:15,2
DA:16,0
LF:3
LH:2
BRF:0
BRH:0
end_of_record
TN:
SF:src/components/Toast.tsx
FN:12,(anonymous_0)
FN:19,(anonymous_1)
FNF:2
FNH:0
FNDA:0,(anonymous_0)
FNDA:0,(anonymous_1)
DA:12,2
DA:13,0
DA:15,0
DA:19,0
DA:26,2
LF:5
LH:2
BRF:0
BRH:0
end_of_record
TN:
SF:src/screens/ConfirmScreen/ConfirmScreen.tsx
FN:32,(anonymous_0)
FN:39,(anonymous_1)
FN:60,(anonymous_2)
FN:61,(anonymous_3)
FN:64,(anonymous_4)
FN:69,(anonymous_5)
FN:74,(anonymous_6)
FN:79,(anonymous_7)
FN:80,(anonymous_8)
FN:81,(anonymous_9)
FN:81,(anonymous_10)
FN:123,(anonymous_11)
FN:125,(anonymous_12)
FN:129,(anonymous_13)
FN:142,(anonymous_14)
FNF:15
FNH:4
FNDA:1,(anonymous_0)
FNDA:1,(anonymous_1)
FNDA:0,(anonymous_2)
FNDA:0,(anonymous_3)
FNDA:0,(anonymous_4)
FNDA:0,(anonymous_5)
FNDA:0,(anonymous_6)
FNDA:0,(anonymous_7)
FNDA:0,(anonymous_8)
FNDA:0,(anonymous_9)
FNDA:0,(anonymous_10)
FNDA:1,(anonymous_11)
FNDA:0,(anonymous_12)
FNDA:0,(anonymous_13)
FNDA:1,(anonymous_14)
DA:32,2
DA:33,1
DA:34,1
DA:36,1
DA:37,1
DA:39,1
DA:40,1
DA:41,1
DA:42,1
DA:45,1
DA:46,1
DA:47,1
DA:48,1
DA:49,1
DA:51,1
DA:56,1
DA:57,1
DA:58,1
DA:60,1
DA:61,1
DA:62,0
DA:63,0
DA:64,0
DA:65,0
DA:69,1
DA:70,0
DA:71,0
DA:74,1
DA:75,0
DA:76,0
DA:79,1
DA:80,0
DA:81,0
DA:84,1
DA:124,1
DA:126,0
DA:129,0
DA:142,1
DA:147,2
LF:39
LH:27
BRDA:32,0,0,0
BRDA:33,1,0,0
BRDA:33,2,0,0
BRDA:51,3,0,1
BRDA:51,3,1,0
BRDA:53,4,0,0
BRDA:53,4,1,0
BRDA:75,5,0,0
BRDA:75,5,1,0
BRDA:76,6,0,0
BRDA:76,6,1,0
BRDA:91,7,0,0
BRDA:91,7,1,1
BRDA:142,8,0,1
BRDA:142,8,1,0
BRF:15
BRH:3
end_of_record
TN:
SF:src/screens/ConfirmScreen/index.ts
FNF:0
FNH:0
LF:0
LH:0
BRF:0
BRH:0
end_of_record
TN:
SF:src/screens/MainScreen/MainScreen.tsx
FN:30,(anonymous_0)
FN:49,(anonymous_1)
FN:81,(anonymous_2)
FN:91,(anonymous_3)
FN:105,(anonymous_4)
FN:106,(anonymous_5)
FN:107,(anonymous_6)
FN:112,(anonymous_7)
FN:120,(anonymous_8)
FN:125,(anonymous_9)
FN:140,(anonymous_10)
FN:171,(anonymous_11)
FN:219,(anonymous_12)
FNF:13
FNH:5
FNDA:8,(anonymous_0)
FNDA:6,(anonymous_1)
FNDA:3,(anonymous_2)
FNDA:0,(anonymous_3)
FNDA:0,(anonymous_4)
FNDA:0,(anonymous_5)
FNDA:0,(anonymous_6)
FNDA:0,(anonymous_7)
FNDA:0,(anonymous_8)
FNDA:6,(anonymous_9)
FNDA:0,(anonymous_10)
FNDA:0,(anonymous_11)
FNDA:8,(anonymous_12)
DA:30,2
DA:31,8
DA:32,8
DA:33,8
DA:35,8
DA:37,8
DA:38,8
DA:40,8
DA:41,8
DA:42,8
DA:43,8
DA:44,8
DA:46,8
DA:47,8
DA:49,8
DA:50,6
DA:51,0
DA:53,0
DA:55,0
DA:56,0
DA:57,0
DA:58,0
DA:59,0
DA:61,0
DA:62,0
DA:63,0
DA:64,0
DA:67,0
DA:68,0
DA:69,0
DA:70,0
DA:71,0
DA:73,0
DA:74,0
DA:75,0
DA:76,0
DA:81,8
DA:82,3
DA:83,1
DA:84,1
DA:85,1
DA:87,2
DA:91,8
DA:92,0
DA:93,0
DA:94,0
DA:95,0
DA:96,0
DA:97,0
DA:98,0
DA:99,0
DA:100,0
DA:102,0
DA:105,8
DA:106,8
DA:107,8
DA:108,0
DA:109,0
DA:110,0
DA:111,0
DA:113,0
DA:114,0
DA:120,8
DA:121,0
DA:122,0
DA:125,8
DA:126,6
DA:133,8
DA:140,0
DA:171,0
DA:219,8
DA:224,2
LF:72
LH:32
BRDA:51,0,0,0
BRDA:51,0,1,0
BRDA:55,1,0,0
BRDA:55,1,1,0
BRDA:56,2,0,0
BRDA:56,2,1,0
BRDA:67,3,0,0
BRDA:67,3,1,0
BRDA:68,4,0,0
BRDA:68,4,1,0
BRDA:82,5,0,1
BRDA:82,5,1,2
BRDA:93,6,0,0
BRDA:93,6,1,0
BRDA:97,7,0,0
BRDA:97,7,1,0
BRDA:129,8,0,8
BRDA:129,8,1,0
BRDA:130,9,0,8
BRDA:130,9,1,0
BRDA:165,10,0,8
BRDA:165,10,1,1
BRDA:165,10,2,0
BRDA:194,11,0,8
BRDA:194,11,1,1
BRDA:194,11,2,0
BRDA:206,12,0,8
BRDA:206,12,1,0
BRDA:206,12,2,0
BRDA:211,13,0,8
BRDA:211,13,1,0
BRDA:211,14,0,8
BRDA:211,14,1,0
BRDA:211,14,2,0
BRDA:219,15,0,8
BRDA:219,15,1,0
BRF:36
BRH:12
end_of_record
TN:
SF:src/screens/MainScreen/index.ts
FNF:0
FNH:0
LF:0
LH:0
BRF:0
BRH:0
end_of_record
TN:
SF:src/screens/MainScreen/components/CountryModal.tsx
FN:25,(anonymous_0)
FN:33,(anonymous_1)
FN:39,(anonymous_2)
FN:54,(anonymous_3)
FN:55,(anonymous_4)
FN:109,(anonymous_5)
FN:116,(anonymous_6)
FNF:7
FNH:5
FNDA:9,(anonymous_0)
FNDA:0,(anonymous_1)
FNDA:7,(anonymous_2)
FNDA:90,(anonymous_3)
FNDA:0,(anonymous_4)
FNDA:2169,(anonymous_5)
FNDA:110,(anonymous_6)
DA:16,3
DA:17,3
DA:18,3
DA:19,3
DA:20,3
DA:21,3
DA:22,3
DA:23,3
DA:25,3
DA:31,9
DA:33,9
DA:34,0
DA:35,0
DA:38,9
DA:40,7
DA:53,9
DA:55,90
DA:94,9
DA:110,2169
DA:116,110
DA:122,3
LF:21
LH:19
BRDA:88,0,0,0
BRDA:88,0,1,90
BRDA:110,1,0,2169
BRDA:110,1,1,0
BRDA:110,1,2,0
BRF:5
BRH:2
end_of_record
TN:
SF:src/stores/history.ts
FN:14,(anonymous_0)
FN:17,(anonymous_1)
FN:18,(anonymous_2)
FNF:3
FNH:0
FNDA:0,(anonymous_0)
FNDA:0,(anonymous_1)
FNDA:0,(anonymous_2)
DA:12,2
DA:15,0
DA:18,0
LF:3
LH:1
BRF:0
BRH:0
end_of_record
TN:
SF:src/stores/toast.ts
FN:6,(anonymous_0)
FN:10,(anonymous_1)
FNF:2
FNH:0
FNDA:0,(anonymous_0)
FNDA:0,(anonymous_1)
DA:3,2
DA:7,0
DA:8,0
DA:11,0
DA:12,0
LF:5
LH:1
BRF:0
BRH:0
end_of_record
TN:
SF:src/stores/useStore.ts
FN:4,(anonymous_0)
FNF:1
FNH:1
FNDA:10,(anonymous_0)
DA:4,2
DA:5,10
LF:2
LH:2
BRF:0
BRH:0
end_of_record
TN:
SF:src/utils/api.ts
FN:43,(anonymous_0)
FN:66,(anonymous_1)
FNF:2
FNH:1
FNDA:1,(anonymous_0)
FNDA:0,(anonymous_1)
DA:43,2
DA:44,1
DA:45,1
DA:49,1
DA:50,1
DA:51,1
DA:52,1
DA:53,1
DA:55,0
DA:66,2
DA:67,0
DA:68,0
DA:72,0
DA:73,0
DA:74,0
DA:75,0
DA:76,0
DA:78,0
LF:18
LH:9
BRDA:52,0,0,1
BRDA:52,0,1,0
BRDA:75,1,0,0
BRDA:75,1,1,0
BRF:4
BRH:1
end_of_record
TN:
SF:src/utils/colors.ts
FNF:0
FNH:0
DA:1,3
LF:1
LH:1
BRF:0
BRH:0
end_of_record
TN:
SF:src/utils/constants.ts
FN:4,(anonymous_0)
FNF:1
FNH:1
FNDA:19,(anonymous_0)
DA:1,2
DA:2,2
DA:3,2
DA:4,19
DA:5,2
LF:5
LH:5
BRF:0
BRH:0
end_of_record
TN:
SF:src/utils/countries.ts
FNF:0
FNH:0
DA:1,3
LF:1
LH:1
BRF:0
BRH:0
end_of_record
TN:
SF:src/utils/fonts.tsx
FNF:0
FNH:0
DA:3,3
LF:1
LH:1
BRF:0
BRH:0
end_of_record
